INFO:root:Running Launcher with gui.
INFO:root:Running launcher in gui...
INFO:root:Time: 2017-01-01 16:53:13.580851
INFO:root:Setting launcher icon.
INFO:root:Running launch. Mode : 1
INFO:root:Loading the game info file [game_info.json]...
INFO:root:Loading requirements list.
INFO:root:Checking required modules for DEV MODE...
INFO:root:All required modules present.
INFO:root:Load was succesful.
INFO:root:--------------------------------------------------------
INFO:root:Launching [Sword Smith Now]...
INFO:root:Beginning runtime boot.
INFO:root:Building gui...
INFO:root:Initializing pygame...
INFO:root:Loading images....
INFO:root:Setting window icon...
INFO:root:Loading and setting cursor...
INFO:root:Loading chunks...
INFO:root:Loading objects [trees,bushes, etc.]...
INFO:root:Loading fonts...
INFO:root:Loading audio...
INFO:root:Loading item manager...
INFO:root:Loading player...
INFO:root:Loading key bindings...
INFO:root:Skipping Credits for dev mode.
INFO:root:Entering Start Page
INFO:root:Entering Realm 1...
INFO:root:Quit event activated. Stopping game.
INFO:root:--------------------------------------------------------
